Oct 03 18:36:05 +00:00 (none)  Mounting virtual file systems: /run /proc /sys /dev/shm /sys/fs/cgroup OK
Oct 03 18:36:05 +00:00 (none)  Create symlinks in /dev targeting /proc: /dev/stdin /dev/stdout /dev/stderr /dev/fd /dev/core OK
Oct 03 18:36:05 +00:00 (none)  Bringing up the loopback interface... OK
Oct 03 18:36:05 +00:00 (none)  Setting hostname to vismaily... OK
Oct 03 18:36:05 +00:00 vismaily  Populating /dev with device nodes...  OK
Oct 03 18:36:06 +00:00 vismaily  Activating all swap files/partitions... OK
Oct 03 18:36:06 +00:00 vismaily  Mounting root file system in read-only mode...  OK
Oct 03 18:36:06 +00:00 vismaily  Checking file systems... OK
Oct 03 18:36:06 +00:00 vismaily  Remounting root file system in read-write mode... OK
Oct 03 18:36:06 +00:00 vismaily  Mounting remaining file systems... OK
Oct 03 18:36:06 +00:00 vismaily  Cleaning file systems: /tmp OK
Oct 03 18:36:06 +00:00 vismaily  Retrying failed uevents, if any... OK
Oct 03 18:36:07 +00:00 vismaily  Starting system log daemon... OK
Oct 03 18:36:07 +00:00 vismaily  Starting kernel log daemon... OK
Oct 03 18:36:07 +00:00 vismaily  Bringing up the enp0s31f6 interface... OK
Oct 03 18:36:07 +00:00 vismaily  Starting dhcpcd on the enp0s31f6 interface... OK
--------
Oct 03 18:41:02 +00:00 (none)  Mounting virtual file systems: /run /proc /sys /dev/shm /sys/fs/cgroup OK
Oct 03 18:41:02 +00:00 (none)  Create symlinks in /dev targeting /proc: /dev/stdin /dev/stdout /dev/stderr /dev/fd /dev/core OK
Oct 03 18:41:02 +00:00 (none)  Bringing up the loopback interface... OK
Oct 03 18:41:02 +00:00 (none)  Setting hostname to vismaily... OK
Oct 03 18:41:02 +00:00 vismaily  Populating /dev with device nodes...  OK
Oct 03 18:41:03 +00:00 vismaily  Activating all swap files/partitions... OK
Oct 03 18:41:03 +00:00 vismaily  Mounting root file system in read-only mode...  OK
Oct 03 18:41:03 +00:00 vismaily  Checking file systems... OK
Oct 03 18:41:03 +00:00 vismaily  Remounting root file system in read-write mode... OK
Oct 03 18:41:03 +00:00 vismaily  Mounting remaining file systems... OK
Oct 03 18:41:03 +00:00 vismaily  Cleaning file systems: /tmp OK
Oct 03 18:41:03 +00:00 vismaily  Retrying failed uevents, if any... OK
Oct 03 18:41:04 +00:00 vismaily  Starting system log daemon... OK
Oct 03 18:41:04 +00:00 vismaily  Starting kernel log daemon... OK
Oct 03 18:41:04 +00:00 vismaily  Bringing up the enp0s31f6 interface... OK
Oct 03 18:41:04 +00:00 vismaily  Starting dhcpcd on the enp0s31f6 interface... OK
--------
Oct 04 07:03:45 +00:00 (none)  Mounting virtual file systems: /run /proc /sys /dev/shm /sys/fs/cgroup OK
Oct 04 07:03:45 +00:00 (none)  Create symlinks in /dev targeting /proc: /dev/stdin /dev/stdout /dev/stderr /dev/fd /dev/core OK
Oct 04 07:03:45 +00:00 (none)  Bringing up the loopback interface... OK
Oct 04 07:03:45 +00:00 (none)  Setting hostname to vismaily... OK
Oct 04 07:03:45 +00:00 vismaily  Populating /dev with device nodes...  OK
Oct 04 07:03:46 +00:00 vismaily  Activating all swap files/partitions... OK
Oct 04 07:03:46 +00:00 vismaily  Mounting root file system in read-only mode...  OK
Oct 04 07:03:46 +00:00 vismaily  Checking file systems... OK
Oct 04 07:03:46 +00:00 vismaily  Remounting root file system in read-write mode... OK
Oct 04 07:03:46 +00:00 vismaily  Mounting remaining file systems... OK
Oct 04 07:03:46 +00:00 vismaily  Cleaning file systems: /tmp OK
Oct 04 07:03:46 +00:00 vismaily  Retrying failed uevents, if any... OK
Oct 04 07:03:47 +00:00 vismaily  Starting system log daemon... OK
Oct 04 07:03:47 +00:00 vismaily  Starting kernel log daemon... OK
Oct 04 07:03:47 +00:00 vismaily  Bringing up the enp0s31f6 interface... OK
Oct 04 07:03:47 +00:00 vismaily  Starting dhcpcd on the enp0s31f6 interface... OK
--------
Oct 04 08:47:16 +00:00 (none)  Mounting virtual file systems: /run /proc /sys /dev/shm /sys/fs/cgroup OK
Oct 04 08:47:16 +00:00 (none)  Create symlinks in /dev targeting /proc: /dev/stdin /dev/stdout /dev/stderr /dev/fd /dev/core OK
Oct 04 08:47:16 +00:00 (none)  Bringing up the loopback interface... OK
Oct 04 08:47:16 +00:00 (none)  Setting hostname to vismaily... OK
Oct 04 08:47:16 +00:00 vismaily  Populating /dev with device nodes...  OK
Oct 04 08:47:17 +00:00 vismaily  Activating all swap files/partitions... OK
Oct 04 08:47:17 +00:00 vismaily  Mounting root file system in read-only mode...  OK
Oct 04 08:47:17 +00:00 vismaily  Checking file systems... OK
Oct 04 08:47:17 +00:00 vismaily  Remounting root file system in read-write mode... OK
Oct 04 08:47:17 +00:00 vismaily  Mounting remaining file systems... OK
Oct 04 08:47:17 +00:00 vismaily  Cleaning file systems: /tmp OK
Oct 04 08:47:17 +00:00 vismaily  Retrying failed uevents, if any... OK
Oct 04 08:47:18 +00:00 vismaily  Starting system log daemon... OK
Oct 04 08:47:18 +00:00 vismaily  Starting kernel log daemon... OK
Oct 04 08:47:18 +00:00 vismaily  Bringing up the enp0s31f6 interface... OK
Oct 04 08:47:18 +00:00 vismaily  Starting dhcpcd on the enp0s31f6 interface... OK
Oct 04 08:47:32 +00:00 vismaily  Starting SSH Server... OK
--------
